[[1;34mINFO[m] Scanning for projects...
[[1;34mINFO[m] 
[[1;34mINFO[m] [1m--------------------------< [0;36mcom.example:demo[0;1m >--------------------------[m
[[1;34mINFO[m] [1mBuilding demo 0.0.1-SNAPSHOT[m
[[1;34mINFO[m] [1m--------------------------------[ jar ]---------------------------------[m
[[1;34mINFO[m] 
[[1;34mINFO[m] [1m>>> [0;32mspring-boot-maven-plugin:3.5.8:run[m [1m(default-cli)[0;1m > [0;1mtest-compile[m @ [36mdemo[0;1m >>>[m
[[1;34mINFO[m] 
[[1;34mINFO[m] [1m--- [0;32mmaven-resources-plugin:3.3.1:resources[m [1m(default-resources)[m @ [36mdemo[0;1m ---[m
[[1;34mINFO[m] Copying 1 resource from src/main/resources to target/classes
[[1;34mINFO[m] Copying 90 resources from src/main/resources to target/classes
[[1;34mINFO[m] 
[[1;34mINFO[m] [1m--- [0;32mmaven-compiler-plugin:3.14.1:compile[m [1m(default-compile)[m @ [36mdemo[0;1m ---[m
[[1;34mINFO[m] Nothing to compile - all classes are up to date.
[[1;34mINFO[m] 
[[1;34mINFO[m] [1m--- [0;32mmaven-resources-plugin:3.3.1:testResources[m [1m(default-testResources)[m @ [36mdemo[0;1m ---[m
[[1;34mINFO[m] skip non existing resourceDirectory /home/zeth/Documentos/proyectos/test01/Pyt-1/demo/src/test/resources
[[1;34mINFO[m] 
[[1;34mINFO[m] [1m--- [0;32mmaven-compiler-plugin:3.14.1:testCompile[m [1m(default-testCompile)[m @ [36mdemo[0;1m ---[m
[[1;34mINFO[m] Recompiling the module because of [1mchanged source code[m.
[[1;34mINFO[m] Compiling 1 source file with javac [debug parameters release 17] to target/test-classes
[[1;34mINFO[m] 
[[1;34mINFO[m] [1m<<< [0;32mspring-boot-maven-plugin:3.5.8:run[m [1m(default-cli)[0;1m < [0;1mtest-compile[m @ [36mdemo[0;1m <<<[m
[[1;34mINFO[m] 
[[1;34mINFO[m] 
[[1;34mINFO[m] [1m--- [0;32mspring-boot-maven-plugin:3.5.8:run[m [1m(default-cli)[m @ [36mdemo[0;1m ---[m
[[1;34mINFO[m] Attaching agents: []

  .   ____          _            __ _ _
 /\\ / ___'_ __ _ _(_)_ __  __ _ \ \ \ \
( ( )\___ | '_ | '_| | '_ \/ _` | \ \ \ \
 \\/  ___)| |_)| | | | | || (_| |  ) ) ) )
  '  |____| .__|_| |_|_| |_\__, | / / / /
 =========|_|==============|___/=/_/_/_/

 :: Spring Boot ::                (v3.5.8)

2026-05-07T01:10:52.428+02:00  INFO 243591 --- [  restartedMain] com.example.demo.DemoApplication         : Starting DemoApplication using Java 21.0.10 with PID 243591 (/home/zeth/Documentos/proyectos/test01/Pyt-1/demo/target/classes started by zeth in /home/zeth/Documentos/proyectos/test01/Pyt-1/demo)
2026-05-07T01:10:52.431+02:00  INFO 243591 --- [  restartedMain] com.example.demo.DemoApplication         : No active profile set, falling back to 1 default profile: "default"
2026-05-07T01:10:52.471+02:00  INFO 243591 --- [  restartedMain] .e.DevToolsPropertyDefaultsPostProcessor : Devtools property defaults active! Set 'spring.devtools.add-properties' to 'false' to disable
2026-05-07T01:10:52.472+02:00  INFO 243591 --- [  restartedMain] .e.DevToolsPropertyDefaultsPostProcessor : For additional web related logging consider setting the 'logging.level.web' property to 'DEBUG'
2026-05-07T01:10:53.536+02:00  INFO 243591 --- [  restartedMain] .s.d.r.c.RepositoryConfigurationDelegate : Bootstrapping Spring Data JPA repositories in DEFAULT mode.
2026-05-07T01:10:53.676+02:00  INFO 243591 --- [  restartedMain] .s.d.r.c.RepositoryConfigurationDelegate : Finished Spring Data repository scanning in 129 ms. Found 43 JPA repository interfaces.
2026-05-07T01:10:54.334+02:00  INFO 243591 --- [  restartedMain] o.s.b.w.embedded.tomcat.TomcatWebServer  : Tomcat initialized with port 8080 (http)
2026-05-07T01:10:54.348+02:00  INFO 243591 --- [  restartedMain] o.apache.catalina.core.StandardService   : Starting service [Tomcat]
2026-05-07T01:10:54.348+02:00  INFO 243591 --- [  restartedMain] o.apache.catalina.core.StandardEngine    : Starting Servlet engine: [Apache Tomcat/10.1.49]
2026-05-07T01:10:54.390+02:00  INFO 243591 --- [  restartedMain] o.a.c.c.C.[Tomcat].[localhost].[/]       : Initializing Spring embedded WebApplicationContext
2026-05-07T01:10:54.391+02:00  INFO 243591 --- [  restartedMain] w.s.c.ServletWebServerApplicationContext : Root WebApplicationContext: initialization completed in 1918 ms
2026-05-07T01:10:54.655+02:00  INFO 243591 --- [  restartedMain] o.hibernate.jpa.internal.util.LogHelper  : HHH000204: Processing PersistenceUnitInfo [name: default]
2026-05-07T01:10:54.711+02:00  INFO 243591 --- [  restartedMain] org.hibernate.Version                    : HHH000412: Hibernate ORM core version 6.6.36.Final
2026-05-07T01:10:54.741+02:00  INFO 243591 --- [  restartedMain] o.h.c.internal.RegionFactoryInitiator    : HHH000026: Second-level cache disabled
2026-05-07T01:10:55.019+02:00  INFO 243591 --- [  restartedMain] o.s.o.j.p.SpringPersistenceUnitInfo      : No LoadTimeWeaver setup: ignoring JPA class transformer
2026-05-07T01:10:55.054+02:00  INFO 243591 --- [  restartedMain] com.zaxxer.hikari.HikariDataSource       : HikariPool-1 - Starting...
2026-05-07T01:10:55.413+02:00  INFO 243591 --- [  restartedMain] com.zaxxer.hikari.pool.HikariPool        : HikariPool-1 - Added connection org.postgresql.jdbc.PgConnection@3d191008
2026-05-07T01:10:55.415+02:00  INFO 243591 --- [  restartedMain] com.zaxxer.hikari.HikariDataSource       : HikariPool-1 - Start completed.
2026-05-07T01:10:55.488+02:00  INFO 243591 --- [  restartedMain] org.hibernate.orm.connections.pooling    : HHH10001005: Database info:
	Database JDBC URL [Connecting through datasource 'HikariDataSource (HikariPool-1)']
	Database driver: undefined/unknown
	Database version: 16.13
	Autocommit mode: undefined/unknown
	Isolation level: undefined/unknown
	Minimum pool size: undefined/unknown
	Maximum pool size: undefined/unknown
2026-05-07T01:10:57.110+02:00  INFO 243591 --- [  restartedMain] o.h.e.t.j.p.i.JtaPlatformInitiator       : HHH000489: No JTA platform available (set 'hibernate.transaction.jta.platform' to enable JTA platform integration)
2026-05-07T01:10:57.471+02:00  INFO 243591 --- [  restartedMain] j.LocalContainerEntityManagerFactoryBean : Initialized JPA EntityManagerFactory for persistence unit 'default'
2026-05-07T01:10:58.017+02:00  INFO 243591 --- [  restartedMain] o.s.d.j.r.query.QueryEnhancerFactory     : Hibernate is in classpath; If applicable, HQL parser will be used.
Hibernate: select r1_0.id,r1_0.can_create_data,r1_0.can_delete_data,r1_0.can_edit_own_data,r1_0.can_manage_all_data,r1_0.can_manage_users,r1_0.can_view_all_data,r1_0.created_at,r1_0.description,r1_0.enabled,r1_0.hierarchy_level,r1_0.is_system,r1_0.name,r1_0.table_permissions from roles r1_0 where r1_0.name=?
Hibernate: select r1_0.id,r1_0.can_create_data,r1_0.can_delete_data,r1_0.can_edit_own_data,r1_0.can_manage_all_data,r1_0.can_manage_users,r1_0.can_view_all_data,r1_0.created_at,r1_0.description,r1_0.enabled,r1_0.hierarchy_level,r1_0.is_system,r1_0.name,r1_0.table_permissions,u1_0.role_id,u1_0.id_usuarios,u1_0.active,u1_0.created_at,d1_0.id_departamento,d1_0.activo,d1_0.descripcion,d1_0.fecha_creacion,d1_0.nombre,d1_0.responsable_id,u1_0.email,u1_0.last_login,u1_0.password,u1_0.token_version,u1_0.updated_at,u1_0.username from roles r1_0 left join users u1_0 on r1_0.id=u1_0.role_id left join departamento d1_0 on d1_0.id_departamento=u1_0.departamento_id where r1_0.id=?
Hibernate: select tr1_0.usuario_responsable_id,tr1_0.id_tramite,tr1_0.codigo_rut,tr1_0.departamento_actual,tr1_0.empresa,tr1_0.estado,tr1_0.fecha_actualizacion,tr1_0.fecha_finalizacion,tr1_0.fecha_limite,tr1_0.fecha_registro,tr1_0.gerente,tr1_0.motivo_rechazo,tr1_0.observaciones,tr1_0.persona_natural,tr1_0.prioridad,tr1_0.solicitud_id,tr1_0.tipo_solicitante,tr1_0.tipo_tramite,tr1_0.tramite_origen,tr1_0.usuario_actualizador,tr1_0.usuario_registra from tramite tr1_0 where tr1_0.usuario_responsable_id=?
Hibernate: select tr1_0.usuario_registra,tr1_0.id_tramite,tr1_0.codigo_rut,tr1_0.departamento_actual,tr1_0.empresa,tr1_0.estado,tr1_0.fecha_actualizacion,tr1_0.fecha_finalizacion,tr1_0.fecha_limite,tr1_0.fecha_registro,tr1_0.gerente,tr1_0.motivo_rechazo,tr1_0.observaciones,tr1_0.persona_natural,tr1_0.prioridad,tr1_0.solicitud_id,tr1_0.tipo_solicitante,tr1_0.tipo_tramite,tr1_0.tramite_origen,tr1_0.usuario_actualizador,tr1_0.usuario_responsable_id from tramite tr1_0 where tr1_0.usuario_registra=?
Hibernate: select tt1_0.id_tipo_tramite,tt1_0.codigo,tt1_0.descripcion,tt1_0.dias_descargo,tt1_0.estado,tt1_0.requisitos_ids,tt1_0.tupac,t2_0.tipo_tramite,t2_0.id_tramite,t2_0.codigo_rut,t2_0.departamento_actual,t2_0.empresa,t2_0.estado,t2_0.fecha_actualizacion,t2_0.fecha_finalizacion,t2_0.fecha_limite,t2_0.fecha_registro,t2_0.gerente,t2_0.motivo_rechazo,t2_0.observaciones,t2_0.persona_natural,t2_0.prioridad,t2_0.solicitud_id,t2_0.tipo_solicitante,t2_0.tramite_origen,t2_0.usuario_actualizador,t2_0.usuario_registra,t2_0.usuario_responsable_id from tipo_tramite tt1_0 left join tramite t2_0 on tt1_0.id_tipo_tramite=t2_0.tipo_tramite where tt1_0.id_tipo_tramite=?
Hibernate: select pn1_0.id_personanatural,pn1_0.apellidos,pn1_0.dni,pn1_0.email,pn1_0.fecha_actualizacion,pn1_0.fecha_registro,pn1_0.genero,pn1_0.nombres,pn1_0.observaciones,pn1_0.telefono,i1_0.persona_id,i1_0.id_inscripcion,i1_0.activo,i1_0.actualizado_en,i1_0.creado_en,i1_0.estado,i1_0.fecha_inscripcion,gp1_0.id_grupo,gp1_0.activo,gp1_0.actualizado_por,gp1_0.capacidad,gp1_0.codigo,gp1_0.configuracion_examen_id,gp1_0.creado_por,gp1_0.cupos_disponibles,gp1_0.estado,gp1_0.fecha,gp1_0.fecha_actualizacion,gp1_0.fecha_creacion,gp1_0.hora_fin,gp1_0.hora_inicio,gp1_0.observaciones,gp1_0.requisito_examen_id,re1_0.id_requisito,re1_0.activo,re1_0.codigo,re1_0.descripcion,re1_0.dias_validez,re1_0.es_examen,f1_0.id_formato,f1_0.archivo_ruta,f1_0.descripcion,f1_0.fecha_creacion,re1_0.obligatorio,re1_0.observaciones,re1_0.tipo_documento,re1_0.tupac,t1_0.id_tupac,t1_0.categoria,t1_0.codigo,t1_0.descripcion,t1_0.estado,t1_0.fecha_vigencia,gp1_0.usuario_creador_id,gp1_0.version,i1_0.grupo_presentacion_id,i1_0.nota,i1_0.observaciones,i1_0.pagado,i1_0.resultado,t2_0.id_tramite,t2_0.codigo_rut,t2_0.departamento_actual,t2_0.empresa,t2_0.estado,t2_0.fecha_actualizacion,t2_0.fecha_finalizacion,t2_0.fecha_limite,t2_0.fecha_registro,t2_0.gerente,t2_0.motivo_rechazo,t2_0.observaciones,t2_0.persona_natural,t2_0.prioridad,t2_0.solicitud_id,t2_0.tipo_solicitante,t2_0.tipo_tramite,t2_0.tramite_origen,t2_0.usuario_actualizador,t2_0.usuario_registra,t2_0.usuario_responsable_id,i1_0.tramite_id from persona_natural pn1_0 left join inscripcion_examen i1_0 on pn1_0.id_personanatural=i1_0.persona_id left join grupo_presentacion gp1_0 on gp1_0.id_grupo=i1_0.grupo_presentacion_id left join requisito_tupac re1_0 on re1_0.id_requisito=gp1_0.requisito_examen_id left join formatos f1_0 on f1_0.id_formato=re1_0.formato_id left join tupac t1_0 on t1_0.id_tupac=re1_0.tupac left join tramite t2_0 on t2_0.id_tramite=i1_0.tramite_id where pn1_0.id_personanatural=?
Hibernate: select sr1_0.usuario_rechaza,sr1_0.id_solicitud,sr1_0.codigo,sr1_0.estado_solicitud,sr1_0.fecha_actualizacion,sr1_0.fecha_aprobacion,sr1_0.fecha_rechazo,sr1_0.fecha_solicitud,sr1_0.motivo_rechazo,sr1_0.nota,sr1_0.numero_orden,sr1_0.observaciones,sr1_0.placa,sr1_0.tipo_solicitud,sr1_0.usuario_aprueba,sr1_0.vehiculo from solicitud sr1_0 where sr1_0.usuario_rechaza=?
Hibernate: select sa1_0.usuario_aprueba,sa1_0.id_solicitud,sa1_0.codigo,sa1_0.estado_solicitud,sa1_0.fecha_actualizacion,sa1_0.fecha_aprobacion,sa1_0.fecha_rechazo,sa1_0.fecha_solicitud,sa1_0.motivo_rechazo,sa1_0.nota,sa1_0.numero_orden,sa1_0.observaciones,sa1_0.placa,sa1_0.tipo_solicitud,sa1_0.usuario_rechaza,sa1_0.vehiculo from solicitud sa1_0 where sa1_0.usuario_aprueba=?
Hibernate: select pc1_0.usuario_creador,pc1_0.id_publicacion,pc1_0.contenido,pc1_0.estado,pc1_0.fecha_actualizacion,pc1_0.fecha_creacion,pc1_0.fecha_modificacion,pc1_0.fecha_publicacion,pc1_0.formato,pc1_0.tipo_publicacion,pc1_0.tipo_tramite,pc1_0.titulo,pc1_0.usuario_actualizador from publicacion pc1_0 where pc1_0.usuario_creador=?
Hibernate: select pa1_0.usuario_actualizador,pa1_0.id_publicacion,pa1_0.contenido,pa1_0.estado,pa1_0.fecha_actualizacion,pa1_0.fecha_creacion,pa1_0.fecha_modificacion,pa1_0.fecha_publicacion,pa1_0.formato,pa1_0.tipo_publicacion,pa1_0.tipo_tramite,pa1_0.titulo,pa1_0.usuario_creador from publicacion pa1_0 where pa1_0.usuario_actualizador=?
Hibernate: select os1_0.usuario_subsana,os1_0.id_observaciones_solicitud,os1_0.comentario_subsanacion,os1_0.descripcion,os1_0.estado,os1_0.fecha_actualizacion,os1_0.fecha_observacion,os1_0.fecha_subsanacion,os1_0.requisito,os1_0.severidad,os1_0.solicitud,os1_0.tipo,os1_0.id_tramite,os1_0.usuario_observador from observacion_solicitud os1_0 where os1_0.usuario_subsana=?
Hibernate: select os1_0.usuario_observador,os1_0.id_observaciones_solicitud,os1_0.comentario_subsanacion,os1_0.descripcion,os1_0.estado,os1_0.fecha_actualizacion,os1_0.fecha_observacion,os1_0.fecha_subsanacion,os1_0.requisito,os1_0.severidad,os1_0.solicitud,os1_0.tipo,os1_0.id_tramite,os1_0.usuario_subsana from observacion_solicitud os1_0 where os1_0.usuario_observador=?
Hibernate: select i1_0.usuario_inspector,i1_0.id_inspeccion,i1_0.codigo,i1_0.codigo_grupo,i1_0.empresa_id,i1_0.estado,i1_0.fecha_actualizacion,i1_0.fecha_creacion,i1_0.fecha_ejecucion,i1_0.fecha_programada,i1_0.hora,i1_0.inspeccion_padre_id,i1_0.lugar,i1_0.observaciones_generales,i1_0.resultado_general,i1_0.tramite_id,i1_0.vehiculo_id from inspeccion i1_0 where i1_0.usuario_inspector=?
Hibernate: select gp1_0.usuario_creador_id,gp1_0.id_grupo,gp1_0.activo,gp1_0.actualizado_por,gp1_0.capacidad,gp1_0.codigo,gp1_0.configuracion_examen_id,gp1_0.creado_por,gp1_0.cupos_disponibles,gp1_0.estado,gp1_0.fecha,gp1_0.fecha_actualizacion,gp1_0.fecha_creacion,gp1_0.hora_fin,gp1_0.hora_inicio,gp1_0.observaciones,gp1_0.requisito_examen_id,re1_0.id_requisito,re1_0.activo,re1_0.codigo,re1_0.descripcion,re1_0.dias_validez,re1_0.es_examen,f1_0.id_formato,f1_0.archivo_ruta,f1_0.descripcion,f1_0.fecha_creacion,re1_0.obligatorio,re1_0.observaciones,re1_0.tipo_documento,re1_0.tupac,t1_0.id_tupac,t1_0.categoria,t1_0.codigo,t1_0.descripcion,t1_0.estado,t1_0.fecha_vigencia,gp1_0.version from grupo_presentacion gp1_0 left join requisito_tupac re1_0 on re1_0.id_requisito=gp1_0.requisito_examen_id left join formatos f1_0 on f1_0.id_formato=re1_0.formato_id left join tupac t1_0 on t1_0.id_tupac=re1_0.tupac where gp1_0.usuario_creador_id=?
Hibernate: select t1_0.departamento_actual,t1_0.id_tramite,t1_0.codigo_rut,t1_0.empresa,t1_0.estado,t1_0.fecha_actualizacion,t1_0.fecha_finalizacion,t1_0.fecha_limite,t1_0.fecha_registro,t1_0.gerente,t1_0.motivo_rechazo,t1_0.observaciones,t1_0.persona_natural,t1_0.prioridad,t1_0.solicitud_id,t1_0.tipo_solicitante,t1_0.tipo_tramite,t1_0.tramite_origen,t1_0.usuario_actualizador,t1_0.usuario_registra,t1_0.usuario_responsable_id from tramite t1_0 where t1_0.departamento_actual=?
Hibernate: select ho1_0.departamento_origen_id,ho1_0.id,ho1_0.accion,ho1_0.departamento_destino_id,ho1_0.fecha_accion,ho1_0.observacion,ho1_0.tramite_id,ho1_0.usuario_accion_id,ho1_0.usuario_responsable_id from historial_tramite ho1_0 where ho1_0.departamento_origen_id=?
Hibernate: select hd1_0.departamento_destino_id,hd1_0.id,hd1_0.accion,hd1_0.departamento_origen_id,hd1_0.fecha_accion,hd1_0.observacion,hd1_0.tramite_id,hd1_0.usuario_accion_id,hd1_0.usuario_responsable_id from historial_tramite hd1_0 where hd1_0.departamento_destino_id=?
Rol ADMIN creado/actualizado
Hibernate: select r1_0.id,r1_0.can_create_data,r1_0.can_delete_data,r1_0.can_edit_own_data,r1_0.can_manage_all_data,r1_0.can_manage_users,r1_0.can_view_all_data,r1_0.created_at,r1_0.description,r1_0.enabled,r1_0.hierarchy_level,r1_0.is_system,r1_0.name,r1_0.table_permissions from roles r1_0 where r1_0.name=?
Hibernate: select r1_0.id,r1_0.can_create_data,r1_0.can_delete_data,r1_0.can_edit_own_data,r1_0.can_manage_all_data,r1_0.can_manage_users,r1_0.can_view_all_data,r1_0.created_at,r1_0.description,r1_0.enabled,r1_0.hierarchy_level,r1_0.is_system,r1_0.name,r1_0.table_permissions,u1_0.role_id,u1_0.id_usuarios,u1_0.active,u1_0.created_at,d1_0.id_departamento,d1_0.activo,d1_0.descripcion,d1_0.fecha_creacion,d1_0.nombre,d1_0.responsable_id,u1_0.email,u1_0.last_login,u1_0.password,u1_0.token_version,u1_0.updated_at,u1_0.username from roles r1_0 left join users u1_0 on r1_0.id=u1_0.role_id left join departamento d1_0 on d1_0.id_departamento=u1_0.departamento_id where r1_0.id=?
Hibernate: select tr1_0.usuario_responsable_id,tr1_0.id_tramite,tr1_0.codigo_rut,tr1_0.departamento_actual,tr1_0.empresa,tr1_0.estado,tr1_0.fecha_actualizacion,tr1_0.fecha_finalizacion,tr1_0.fecha_limite,tr1_0.fecha_registro,tr1_0.gerente,tr1_0.motivo_rechazo,tr1_0.observaciones,tr1_0.persona_natural,tr1_0.prioridad,tr1_0.solicitud_id,tr1_0.tipo_solicitante,tr1_0.tipo_tramite,tr1_0.tramite_origen,tr1_0.usuario_actualizador,tr1_0.usuario_registra from tramite tr1_0 where tr1_0.usuario_responsable_id=?
Hibernate: select tr1_0.usuario_registra,tr1_0.id_tramite,tr1_0.codigo_rut,tr1_0.departamento_actual,tr1_0.empresa,tr1_0.estado,tr1_0.fecha_actualizacion,tr1_0.fecha_finalizacion,tr1_0.fecha_limite,tr1_0.fecha_registro,tr1_0.gerente,tr1_0.motivo_rechazo,tr1_0.observaciones,tr1_0.persona_natural,tr1_0.prioridad,tr1_0.solicitud_id,tr1_0.tipo_solicitante,tr1_0.tipo_tramite,tr1_0.tramite_origen,tr1_0.usuario_actualizador,tr1_0.usuario_responsable_id from tramite tr1_0 where tr1_0.usuario_registra=?
Hibernate: select tt1_0.id_tipo_tramite,tt1_0.codigo,tt1_0.descripcion,tt1_0.dias_descargo,tt1_0.estado,tt1_0.requisitos_ids,tt1_0.tupac,t2_0.tipo_tramite,t2_0.id_tramite,t2_0.codigo_rut,t2_0.departamento_actual,t2_0.empresa,t2_0.estado,t2_0.fecha_actualizacion,t2_0.fecha_finalizacion,t2_0.fecha_limite,t2_0.fecha_registro,t2_0.gerente,t2_0.motivo_rechazo,t2_0.observaciones,t2_0.persona_natural,t2_0.prioridad,t2_0.solicitud_id,t2_0.tipo_solicitante,t2_0.tramite_origen,t2_0.usuario_actualizador,t2_0.usuario_registra,t2_0.usuario_responsable_id from tipo_tramite tt1_0 left join tramite t2_0 on tt1_0.id_tipo_tramite=t2_0.tipo_tramite where tt1_0.id_tipo_tramite=?
Hibernate: select pn1_0.id_personanatural,pn1_0.apellidos,pn1_0.dni,pn1_0.email,pn1_0.fecha_actualizacion,pn1_0.fecha_registro,pn1_0.genero,pn1_0.nombres,pn1_0.observaciones,pn1_0.telefono,i1_0.persona_id,i1_0.id_inscripcion,i1_0.activo,i1_0.actualizado_en,i1_0.creado_en,i1_0.estado,i1_0.fecha_inscripcion,gp1_0.id_grupo,gp1_0.activo,gp1_0.actualizado_por,gp1_0.capacidad,gp1_0.codigo,gp1_0.configuracion_examen_id,gp1_0.creado_por,gp1_0.cupos_disponibles,gp1_0.estado,gp1_0.fecha,gp1_0.fecha_actualizacion,gp1_0.fecha_creacion,gp1_0.hora_fin,gp1_0.hora_inicio,gp1_0.observaciones,gp1_0.requisito_examen_id,re1_0.id_requisito,re1_0.activo,re1_0.codigo,re1_0.descripcion,re1_0.dias_validez,re1_0.es_examen,f1_0.id_formato,f1_0.archivo_ruta,f1_0.descripcion,f1_0.fecha_creacion,re1_0.obligatorio,re1_0.observaciones,re1_0.tipo_documento,re1_0.tupac,t1_0.id_tupac,t1_0.categoria,t1_0.codigo,t1_0.descripcion,t1_0.estado,t1_0.fecha_vigencia,gp1_0.usuario_creador_id,gp1_0.version,i1_0.grupo_presentacion_id,i1_0.nota,i1_0.observaciones,i1_0.pagado,i1_0.resultado,t2_0.id_tramite,t2_0.codigo_rut,t2_0.departamento_actual,t2_0.empresa,t2_0.estado,t2_0.fecha_actualizacion,t2_0.fecha_finalizacion,t2_0.fecha_limite,t2_0.fecha_registro,t2_0.gerente,t2_0.motivo_rechazo,t2_0.observaciones,t2_0.persona_natural,t2_0.prioridad,t2_0.solicitud_id,t2_0.tipo_solicitante,t2_0.tipo_tramite,t2_0.tramite_origen,t2_0.usuario_actualizador,t2_0.usuario_registra,t2_0.usuario_responsable_id,i1_0.tramite_id from persona_natural pn1_0 left join inscripcion_examen i1_0 on pn1_0.id_personanatural=i1_0.persona_id left join grupo_presentacion gp1_0 on gp1_0.id_grupo=i1_0.grupo_presentacion_id left join requisito_tupac re1_0 on re1_0.id_requisito=gp1_0.requisito_examen_id left join formatos f1_0 on f1_0.id_formato=re1_0.formato_id left join tupac t1_0 on t1_0.id_tupac=re1_0.tupac left join tramite t2_0 on t2_0.id_tramite=i1_0.tramite_id where pn1_0.id_personanatural=?
Hibernate: select tt1_0.id_tipo_tramite,tt1_0.codigo,tt1_0.descripcion,tt1_0.dias_descargo,tt1_0.estado,tt1_0.requisitos_ids,tt1_0.tupac,t2_0.tipo_tramite,t2_0.id_tramite,t2_0.codigo_rut,t2_0.departamento_actual,t2_0.empresa,t2_0.estado,t2_0.fecha_actualizacion,t2_0.fecha_finalizacion,t2_0.fecha_limite,t2_0.fecha_registro,t2_0.gerente,t2_0.motivo_rechazo,t2_0.observaciones,t2_0.persona_natural,t2_0.prioridad,t2_0.solicitud_id,t2_0.tipo_solicitante,t2_0.tramite_origen,t2_0.usuario_actualizador,t2_0.usuario_registra,t2_0.usuario_responsable_id from tipo_tramite tt1_0 left join tramite t2_0 on tt1_0.id_tipo_tramite=t2_0.tipo_tramite where tt1_0.id_tipo_tramite=?
Hibernate: select pn1_0.id_personanatural,pn1_0.apellidos,pn1_0.dni,pn1_0.email,pn1_0.fecha_actualizacion,pn1_0.fecha_registro,pn1_0.genero,pn1_0.nombres,pn1_0.observaciones,pn1_0.telefono,i1_0.persona_id,i1_0.id_inscripcion,i1_0.activo,i1_0.actualizado_en,i1_0.creado_en,i1_0.estado,i1_0.fecha_inscripcion,gp1_0.id_grupo,gp1_0.activo,gp1_0.actualizado_por,gp1_0.capacidad,gp1_0.codigo,gp1_0.configuracion_examen_id,gp1_0.creado_por,gp1_0.cupos_disponibles,gp1_0.estado,gp1_0.fecha,gp1_0.fecha_actualizacion,gp1_0.fecha_creacion,gp1_0.hora_fin,gp1_0.hora_inicio,gp1_0.observaciones,gp1_0.requisito_examen_id,re1_0.id_requisito,re1_0.activo,re1_0.codigo,re1_0.descripcion,re1_0.dias_validez,re1_0.es_examen,f1_0.id_formato,f1_0.archivo_ruta,f1_0.descripcion,f1_0.fecha_creacion,re1_0.obligatorio,re1_0.observaciones,re1_0.tipo_documento,re1_0.tupac,t1_0.id_tupac,t1_0.categoria,t1_0.codigo,t1_0.descripcion,t1_0.estado,t1_0.fecha_vigencia,gp1_0.usuario_creador_id,gp1_0.version,i1_0.grupo_presentacion_id,i1_0.nota,i1_0.observaciones,i1_0.pagado,i1_0.resultado,t2_0.id_tramite,t2_0.codigo_rut,t2_0.departamento_actual,t2_0.empresa,t2_0.estado,t2_0.fecha_actualizacion,t2_0.fecha_finalizacion,t2_0.fecha_limite,t2_0.fecha_registro,t2_0.gerente,t2_0.motivo_rechazo,t2_0.observaciones,t2_0.persona_natural,t2_0.prioridad,t2_0.solicitud_id,t2_0.tipo_solicitante,t2_0.tipo_tramite,t2_0.tramite_origen,t2_0.usuario_actualizador,t2_0.usuario_registra,t2_0.usuario_responsable_id,i1_0.tramite_id from persona_natural pn1_0 left join inscripcion_examen i1_0 on pn1_0.id_personanatural=i1_0.persona_id left join grupo_presentacion gp1_0 on gp1_0.id_grupo=i1_0.grupo_presentacion_id left join requisito_tupac re1_0 on re1_0.id_requisito=gp1_0.requisito_examen_id left join formatos f1_0 on f1_0.id_formato=re1_0.formato_id left join tupac t1_0 on t1_0.id_tupac=re1_0.tupac left join tramite t2_0 on t2_0.id_tramite=i1_0.tramite_id where pn1_0.id_personanatural=?
Hibernate: select e1_0.id_empresa,e1_0.activo,e1_0.codigo,e1_0.contacto_telefono,e1_0.direccion_legal,e1_0.email,e1_0.estado_operativo,e1_0.fecha_actualizacion,e1_0.fecha_registro,e1_0.fin_vigencia,e1_0.gerente,e1_0.inicio_vigencia,e1_0.nombre,e1_0.numero_de_resolucion,e1_0.observaciones,e1_0.ruc,e1_0.subtipo_transporte,e1_0.tipo_trayectoria,e1_0.unidades_habilitadas,e1_0.unidades_vehiculares,r1_0.id_empresa,r1_0.id_ruta,r1_0.codigo,r1_0.descripcion,r1_0.distancia_km,r1_0.estado,r1_0.fecha_actualizacion,r1_0.fecha_registro,r1_0.gerente_responsable,r1_0.kml_content,r1_0.nombre,r1_0.observaciones,r1_0.tiempo_estimado_minutos,r1_0.tipo,r1_0.usuario_registra from empresa e1_0 left join ruta r1_0 on e1_0.id_empresa=r1_0.id_empresa where e1_0.id_empresa=?
Hibernate: select v1_0.id_empresa,v1_0.id_vehiculo,v1_0.anio_fabricacion,v1_0.capacidad_carga,v1_0.capacidad_pasajeros,v1_0.categoria,v1_0.color,v1_0.estado,v1_0.estado_tecnico,v1_0.fecha_actualizacion,v1_0.fecha_habilitacion,v1_0.fecha_registro,v1_0.fecha_vencimiento_tuc,v1_0.gerente_responsable,v1_0.marca,v1_0.modelo,v1_0.numero_chasis,v1_0.numero_motor,v1_0.observaciones,v1_0.peso_neto,v1_0.placa,v1_0.subtipo_transporte,v1_0.tuc_id from vehiculo v1_0 where v1_0.id_empresa=?
Hibernate: select sr1_0.usuario_rechaza,sr1_0.id_solicitud,sr1_0.codigo,sr1_0.estado_solicitud,sr1_0.fecha_actualizacion,sr1_0.fecha_aprobacion,sr1_0.fecha_rechazo,sr1_0.fecha_solicitud,sr1_0.motivo_rechazo,sr1_0.nota,sr1_0.numero_orden,sr1_0.observaciones,sr1_0.placa,sr1_0.tipo_solicitud,sr1_0.usuario_aprueba,sr1_0.vehiculo from solicitud sr1_0 where sr1_0.usuario_rechaza=?
Hibernate: select sa1_0.usuario_aprueba,sa1_0.id_solicitud,sa1_0.codigo,sa1_0.estado_solicitud,sa1_0.fecha_actualizacion,sa1_0.fecha_aprobacion,sa1_0.fecha_rechazo,sa1_0.fecha_solicitud,sa1_0.motivo_rechazo,sa1_0.nota,sa1_0.numero_orden,sa1_0.observaciones,sa1_0.placa,sa1_0.tipo_solicitud,sa1_0.usuario_rechaza,sa1_0.vehiculo from solicitud sa1_0 where sa1_0.usuario_aprueba=?
Hibernate: select pc1_0.usuario_creador,pc1_0.id_publicacion,pc1_0.contenido,pc1_0.estado,pc1_0.fecha_actualizacion,pc1_0.fecha_creacion,pc1_0.fecha_modificacion,pc1_0.fecha_publicacion,pc1_0.formato,pc1_0.tipo_publicacion,pc1_0.tipo_tramite,pc1_0.titulo,pc1_0.usuario_actualizador from publicacion pc1_0 where pc1_0.usuario_creador=?
Hibernate: select pa1_0.usuario_actualizador,pa1_0.id_publicacion,pa1_0.contenido,pa1_0.estado,pa1_0.fecha_actualizacion,pa1_0.fecha_creacion,pa1_0.fecha_modificacion,pa1_0.fecha_publicacion,pa1_0.formato,pa1_0.tipo_publicacion,pa1_0.tipo_tramite,pa1_0.titulo,pa1_0.usuario_creador from publicacion pa1_0 where pa1_0.usuario_actualizador=?
Hibernate: select os1_0.usuario_subsana,os1_0.id_observaciones_solicitud,os1_0.comentario_subsanacion,os1_0.descripcion,os1_0.estado,os1_0.fecha_actualizacion,os1_0.fecha_observacion,os1_0.fecha_subsanacion,os1_0.requisito,os1_0.severidad,os1_0.solicitud,os1_0.tipo,os1_0.id_tramite,os1_0.usuario_observador from observacion_solicitud os1_0 where os1_0.usuario_subsana=?
Hibernate: select os1_0.usuario_observador,os1_0.id_observaciones_solicitud,os1_0.comentario_subsanacion,os1_0.descripcion,os1_0.estado,os1_0.fecha_actualizacion,os1_0.fecha_observacion,os1_0.fecha_subsanacion,os1_0.requisito,os1_0.severidad,os1_0.solicitud,os1_0.tipo,os1_0.id_tramite,os1_0.usuario_subsana from observacion_solicitud os1_0 where os1_0.usuario_observador=?
Hibernate: select i1_0.usuario_inspector,i1_0.id_inspeccion,i1_0.codigo,i1_0.codigo_grupo,i1_0.empresa_id,i1_0.estado,i1_0.fecha_actualizacion,i1_0.fecha_creacion,i1_0.fecha_ejecucion,i1_0.fecha_programada,i1_0.hora,i1_0.inspeccion_padre_id,i1_0.lugar,i1_0.observaciones_generales,i1_0.resultado_general,i1_0.tramite_id,i1_0.vehiculo_id from inspeccion i1_0 where i1_0.usuario_inspector=?
Hibernate: select gp1_0.usuario_creador_id,gp1_0.id_grupo,gp1_0.activo,gp1_0.actualizado_por,gp1_0.capacidad,gp1_0.codigo,gp1_0.configuracion_examen_id,gp1_0.creado_por,gp1_0.cupos_disponibles,gp1_0.estado,gp1_0.fecha,gp1_0.fecha_actualizacion,gp1_0.fecha_creacion,gp1_0.hora_fin,gp1_0.hora_inicio,gp1_0.observaciones,gp1_0.requisito_examen_id,re1_0.id_requisito,re1_0.activo,re1_0.codigo,re1_0.descripcion,re1_0.dias_validez,re1_0.es_examen,f1_0.id_formato,f1_0.archivo_ruta,f1_0.descripcion,f1_0.fecha_creacion,re1_0.obligatorio,re1_0.observaciones,re1_0.tipo_documento,re1_0.tupac,t1_0.id_tupac,t1_0.categoria,t1_0.codigo,t1_0.descripcion,t1_0.estado,t1_0.fecha_vigencia,gp1_0.version from grupo_presentacion gp1_0 left join requisito_tupac re1_0 on re1_0.id_requisito=gp1_0.requisito_examen_id left join formatos f1_0 on f1_0.id_formato=re1_0.formato_id left join tupac t1_0 on t1_0.id_tupac=re1_0.tupac where gp1_0.usuario_creador_id=?
Hibernate: select t1_0.departamento_actual,t1_0.id_tramite,t1_0.codigo_rut,t1_0.empresa,t1_0.estado,t1_0.fecha_actualizacion,t1_0.fecha_finalizacion,t1_0.fecha_limite,t1_0.fecha_registro,t1_0.gerente,t1_0.motivo_rechazo,t1_0.observaciones,t1_0.persona_natural,t1_0.prioridad,t1_0.solicitud_id,t1_0.tipo_solicitante,t1_0.tipo_tramite,t1_0.tramite_origen,t1_0.usuario_actualizador,t1_0.usuario_registra,t1_0.usuario_responsable_id from tramite t1_0 where t1_0.departamento_actual=?
Hibernate: select ho1_0.departamento_origen_id,ho1_0.id,ho1_0.accion,ho1_0.departamento_destino_id,ho1_0.fecha_accion,ho1_0.observacion,ho1_0.tramite_id,ho1_0.usuario_accion_id,ho1_0.usuario_responsable_id from historial_tramite ho1_0 where ho1_0.departamento_origen_id=?
Hibernate: select hd1_0.departamento_destino_id,hd1_0.id,hd1_0.accion,hd1_0.departamento_origen_id,hd1_0.fecha_accion,hd1_0.observacion,hd1_0.tramite_id,hd1_0.usuario_accion_id,hd1_0.usuario_responsable_id from historial_tramite hd1_0 where hd1_0.departamento_destino_id=?
Rol SUPER_ADMIN creado/actualizado
Hibernate: select count(*) from departamento d1_0
Hibernate: select count(*) from categoria_transporte ct1_0
Hibernate: select count(*) from tipo_transporte tt1_0
Hibernate: select count(*) from subtipo_transporte st1_0
Hibernate: select d1_0.id_departamento,d1_0.activo,d1_0.descripcion,d1_0.fecha_creacion,d1_0.nombre,d1_0.responsable_id from departamento d1_0
Hibernate: select u1_0.id_usuarios,u1_0.active,u1_0.created_at,u1_0.departamento_id,u1_0.email,u1_0.last_login,u1_0.password,u1_0.role_id,u1_0.token_version,u1_0.updated_at,u1_0.username from users u1_0 where u1_0.username=?
Hibernate: select d1_0.id_departamento,d1_0.activo,d1_0.descripcion,d1_0.fecha_creacion,d1_0.nombre,d1_0.responsable_id from departamento d1_0 where d1_0.id_departamento=?
Hibernate: select r1_0.id,r1_0.can_create_data,r1_0.can_delete_data,r1_0.can_edit_own_data,r1_0.can_manage_all_data,r1_0.can_manage_users,r1_0.can_view_all_data,r1_0.created_at,r1_0.description,r1_0.enabled,r1_0.hierarchy_level,r1_0.is_system,r1_0.name,r1_0.table_permissions from roles r1_0 where r1_0.id=?
Hibernate: select u1_0.id_usuarios,u1_0.active,u1_0.created_at,u1_0.departamento_id,u1_0.email,u1_0.last_login,u1_0.password,u1_0.role_id,u1_0.token_version,u1_0.updated_at,u1_0.username from users u1_0 where u1_0.username=?
Hibernate: select d1_0.id_departamento,d1_0.activo,d1_0.descripcion,d1_0.fecha_creacion,d1_0.nombre,d1_0.responsable_id from departamento d1_0 where d1_0.id_departamento=?
Hibernate: select r1_0.id,r1_0.can_create_data,r1_0.can_delete_data,r1_0.can_edit_own_data,r1_0.can_manage_all_data,r1_0.can_manage_users,r1_0.can_view_all_data,r1_0.created_at,r1_0.description,r1_0.enabled,r1_0.hierarchy_level,r1_0.is_system,r1_0.name,r1_0.table_permissions from roles r1_0 where r1_0.id=?
Hibernate: select count(*) from persona_natural pn1_0
Hibernate: select count(*) from empresa e1_0
Hibernate: select count(*) from gerente g1_0
Hibernate: select count(*) from formatos f1_0
Hibernate: select count(*) from tupac t1_0
Hibernate: select count(*) from requisito_tupac rt1_0
Hibernate: select count(*) from tipo_tramite tt1_0
Hibernate: select t1_0.id_tramite,t1_0.codigo_rut,t1_0.departamento_actual,t1_0.empresa,t1_0.estado,t1_0.fecha_actualizacion,t1_0.fecha_finalizacion,t1_0.fecha_limite,t1_0.fecha_registro,t1_0.gerente,t1_0.motivo_rechazo,t1_0.observaciones,t1_0.persona_natural,t1_0.prioridad,t1_0.solicitud_id,t1_0.tipo_solicitante,t1_0.tipo_tramite,t1_0.tramite_origen,t1_0.usuario_actualizador,t1_0.usuario_registra,t1_0.usuario_responsable_id from tramite t1_0
Hibernate: select tt1_0.id_tipo_tramite,tt1_0.codigo,tt1_0.descripcion,tt1_0.dias_descargo,tt1_0.estado,tt1_0.requisitos_ids,tt1_0.tupac from tipo_tramite tt1_0 where tt1_0.id_tipo_tramite=?
Hibernate: select pn1_0.id_personanatural,pn1_0.apellidos,pn1_0.dni,pn1_0.email,pn1_0.fecha_actualizacion,pn1_0.fecha_registro,pn1_0.genero,pn1_0.nombres,pn1_0.observaciones,pn1_0.telefono from persona_natural pn1_0 where pn1_0.id_personanatural=?
Hibernate: select tt1_0.id_tipo_tramite,tt1_0.codigo,tt1_0.descripcion,tt1_0.dias_descargo,tt1_0.estado,tt1_0.requisitos_ids,tt1_0.tupac from tipo_tramite tt1_0 where tt1_0.id_tipo_tramite=?
Hibernate: select pn1_0.id_personanatural,pn1_0.apellidos,pn1_0.dni,pn1_0.email,pn1_0.fecha_actualizacion,pn1_0.fecha_registro,pn1_0.genero,pn1_0.nombres,pn1_0.observaciones,pn1_0.telefono from persona_natural pn1_0 where pn1_0.id_personanatural=?
Hibernate: select tt1_0.id_tipo_tramite,tt1_0.codigo,tt1_0.descripcion,tt1_0.dias_descargo,tt1_0.estado,tt1_0.requisitos_ids,tt1_0.tupac from tipo_tramite tt1_0 where tt1_0.id_tipo_tramite=?
Hibernate: select e1_0.id_empresa,e1_0.activo,e1_0.codigo,e1_0.contacto_telefono,e1_0.direccion_legal,e1_0.email,e1_0.estado_operativo,e1_0.fecha_actualizacion,e1_0.fecha_registro,e1_0.fin_vigencia,e1_0.gerente,e1_0.inicio_vigencia,e1_0.nombre,e1_0.numero_de_resolucion,e1_0.observaciones,e1_0.ruc,e1_0.subtipo_transporte,e1_0.tipo_trayectoria,e1_0.unidades_habilitadas,e1_0.unidades_vehiculares from empresa e1_0 where e1_0.id_empresa=?
TrĂˇmites existentes actualizados
Hibernate: select count(*) from tramite t1_0
Data initialization completada (datos mĂ­nimos)
2026-05-07T01:10:59.872+02:00  INFO 243591 --- [  restartedMain] r$InitializeUserDetailsManagerConfigurer : Global AuthenticationManager configured with UserDetailsService bean with name userDetailsServiceImpl
2026-05-07T01:11:00.865+02:00  WARN 243591 --- [  restartedMain] JpaBaseConfiguration$JpaWebConfiguration : spring.jpa.open-in-view is enabled by default. Therefore, database queries may be performed during view rendering. Explicitly configure spring.jpa.open-in-view to disable this warning
2026-05-07T01:11:00.901+02:00  INFO 243591 --- [  restartedMain] o.s.b.a.w.s.WelcomePageHandlerMapping    : Adding welcome page: class path resource [static/index.html]
2026-05-07T01:11:01.283+02:00  INFO 243591 --- [  restartedMain] o.s.b.a.e.web.EndpointLinksResolver      : Exposing 1 endpoint beneath base path '/actuator'
2026-05-07T01:11:01.814+02:00  INFO 243591 --- [  restartedMain] o.s.b.d.a.OptionalLiveReloadServer       : LiveReload server is running on port 35729
2026-05-07T01:11:01.902+02:00  INFO 243591 --- [  restartedMain] o.s.b.w.embedded.tomcat.TomcatWebServer  : Tomcat started on port 8080 (http) with context path '/'
2026-05-07T01:11:01.915+02:00  INFO 243591 --- [  restartedMain] com.example.demo.DemoApplication         : Started DemoApplication in 9.899 seconds (process running for 10.29)
2026-05-07T01:11:57.929+02:00  INFO 243591 --- [   File Watcher] rtingClassPathChangeChangedEventListener : Restarting due to 2 class path changes (0 additions, 0 deletions, 2 modifications)
2026-05-07T01:11:57.938+02:00  INFO 243591 --- [       Thread-5] o.s.b.w.e.tomcat.GracefulShutdown        : Commencing graceful shutdown. Waiting for active requests to complete
2026-05-07T01:11:57.941+02:00  INFO 243591 --- [tomcat-shutdown] o.s.b.w.e.tomcat.GracefulShutdown        : Graceful shutdown complete
2026-05-07T01:11:57.959+02:00  INFO 243591 --- [       Thread-5] j.LocalContainerEntityManagerFactoryBean : Closing JPA EntityManagerFactory for persistence unit 'default'
2026-05-07T01:11:57.976+02:00  INFO 243591 --- [       Thread-5] com.zaxxer.hikari.HikariDataSource       : HikariPool-1 - Shutdown initiated...
2026-05-07T01:11:57.992+02:00  INFO 243591 --- [       Thread-5] com.zaxxer.hikari.HikariDataSource       : HikariPool-1 - Shutdown completed.

  .   ____          _            __ _ _
 /\\ / ___'_ __ _ _(_)_ __  __ _ \ \ \ \
( ( )\___ | '_ | '_| | '_ \/ _` | \ \ \ \
 \\/  ___)| |_)| | | | | || (_| |  ) ) ) )
  '  |____| .__|_| |_|_| |_\__, | / / / /
 =========|_|==============|___/=/_/_/_/

 :: Spring Boot ::                (v3.5.8)

2026-05-07T01:11:58.142+02:00  INFO 243591 --- [  restartedMain] com.example.demo.DemoApplication         : Starting DemoApplication using Java 21.0.10 with PID 243591 (/home/zeth/Documentos/proyectos/test01/Pyt-1/demo/target/classes started by zeth in /home/zeth/Documentos/proyectos/test01/Pyt-1/demo)
2026-05-07T01:11:58.142+02:00  INFO 243591 --- [  restartedMain] com.example.demo.DemoApplication         : No active profile set, falling back to 1 default profile: "default"
2026-05-07T01:11:58.545+02:00  INFO 243591 --- [  restartedMain] .s.d.r.c.RepositoryConfigurationDelegate : Bootstrapping Spring Data JPA repositories in DEFAULT mode.
2026-05-07T01:11:58.632+02:00  INFO 243591 --- [  restartedMain] .s.d.r.c.RepositoryConfigurationDelegate : Finished Spring Data repository scanning in 86 ms. Found 43 JPA repository interfaces.
2026-05-07T01:11:58.844+02:00  INFO 243591 --- [  restartedMain] o.s.b.w.embedded.tomcat.TomcatWebServer  : Tomcat initialized with port 8080 (http)
2026-05-07T01:11:58.845+02:00  INFO 243591 --- [  restartedMain] o.apache.catalina.core.StandardService   : Starting service [Tomcat]
2026-05-07T01:11:58.845+02:00  INFO 243591 --- [  restartedMain] o.apache.catalina.core.StandardEngine    : Starting Servlet engine: [Apache Tomcat/10.1.49]
2026-05-07T01:11:58.856+02:00  INFO 243591 --- [  restartedMain] o.a.c.c.C.[Tomcat].[localhost].[/]       : Initializing Spring embedded WebApplicationContext
2026-05-07T01:11:58.856+02:00  INFO 243591 --- [  restartedMain] w.s.c.ServletWebServerApplicationContext : Root WebApplicationContext: initialization completed in 712 ms
2026-05-07T01:11:58.988+02:00  INFO 243591 --- [  restartedMain] o.hibernate.jpa.internal.util.LogHelper  : HHH000204: Processing PersistenceUnitInfo [name: default]
2026-05-07T01:11:58.989+02:00  INFO 243591 --- [  restartedMain] o.h.c.internal.RegionFactoryInitiator    : HHH000026: Second-level cache disabled
2026-05-07T01:11:59.000+02:00  INFO 243591 --- [  restartedMain] o.s.o.j.p.SpringPersistenceUnitInfo      : No LoadTimeWeaver setup: ignoring JPA class transformer
2026-05-07T01:11:59.001+02:00  INFO 243591 --- [  restartedMain] com.zaxxer.hikari.HikariDataSource       : HikariPool-2 - Starting...
2026-05-07T01:11:59.039+02:00  INFO 243591 --- [  restartedMain] com.zaxxer.hikari.pool.HikariPool        : HikariPool-2 - Added connection org.postgresql.jdbc.PgConnection@3257b0c9
2026-05-07T01:11:59.039+02:00  INFO 243591 --- [  restartedMain] com.zaxxer.hikari.HikariDataSource       : HikariPool-2 - Start completed.
2026-05-07T01:11:59.045+02:00  INFO 243591 --- [  restartedMain] org.hibernate.orm.connections.pooling    : HHH10001005: Database info:
	Database JDBC URL [Connecting through datasource 'HikariDataSource (HikariPool-2)']
	Database driver: undefined/unknown
	Database version: 16.13
	Autocommit mode: undefined/unknown
	Isolation level: undefined/unknown
	Minimum pool size: undefined/unknown
	Maximum pool size: undefined/unknown
2026-05-07T01:11:59.753+02:00  INFO 243591 --- [  restartedMain] o.h.e.t.j.p.i.JtaPlatformInitiator       : HHH000489: No JTA platform available (set 'hibernate.transaction.jta.platform' to enable JTA platform integration)
2026-05-07T01:12:00.042+02:00  INFO 243591 --- [  restartedMain] j.LocalContainerEntityManagerFactoryBean : Initialized JPA EntityManagerFactory for persistence unit 'default'
Hibernate: select r1_0.id,r1_0.can_create_data,r1_0.can_delete_data,r1_0.can_edit_own_data,r1_0.can_manage_all_data,r1_0.can_manage_users,r1_0.can_view_all_data,r1_0.created_at,r1_0.description,r1_0.enabled,r1_0.hierarchy_level,r1_0.is_system,r1_0.name,r1_0.table_permissions from roles r1_0 where r1_0.name=?
Hibernate: select r1_0.id,r1_0.can_create_data,r1_0.can_delete_data,r1_0.can_edit_own_data,r1_0.can_manage_all_data,r1_0.can_manage_users,r1_0.can_view_all_data,r1_0.created_at,r1_0.description,r1_0.enabled,r1_0.hierarchy_level,r1_0.is_system,r1_0.name,r1_0.table_permissions,u1_0.role_id,u1_0.id_usuarios,u1_0.active,u1_0.created_at,d1_0.id_departamento,d1_0.activo,d1_0.descripcion,d1_0.fecha_creacion,d1_0.nombre,d1_0.responsable_id,u1_0.email,u1_0.last_login,u1_0.password,u1_0.token_version,u1_0.updated_at,u1_0.username from roles r1_0 left join users u1_0 on r1_0.id=u1_0.role_id left join departamento d1_0 on d1_0.id_departamento=u1_0.departamento_id where r1_0.id=?
Hibernate: select tr1_0.usuario_responsable_id,tr1_0.id_tramite,tr1_0.codigo_rut,tr1_0.departamento_actual,tr1_0.empresa,tr1_0.estado,tr1_0.fecha_actualizacion,tr1_0.fecha_finalizacion,tr1_0.fecha_limite,tr1_0.fecha_registro,tr1_0.gerente,tr1_0.motivo_rechazo,tr1_0.observaciones,tr1_0.persona_natural,tr1_0.prioridad,tr1_0.solicitud_id,tr1_0.tipo_solicitante,tr1_0.tipo_tramite,tr1_0.tramite_origen,tr1_0.usuario_actualizador,tr1_0.usuario_registra from tramite tr1_0 where tr1_0.usuario_responsable_id=?
Hibernate: select tr1_0.usuario_registra,tr1_0.id_tramite,tr1_0.codigo_rut,tr1_0.departamento_actual,tr1_0.empresa,tr1_0.estado,tr1_0.fecha_actualizacion,tr1_0.fecha_finalizacion,tr1_0.fecha_limite,tr1_0.fecha_registro,tr1_0.gerente,tr1_0.motivo_rechazo,tr1_0.observaciones,tr1_0.persona_natural,tr1_0.prioridad,tr1_0.solicitud_id,tr1_0.tipo_solicitante,tr1_0.tipo_tramite,tr1_0.tramite_origen,tr1_0.usuario_actualizador,tr1_0.usuario_responsable_id from tramite tr1_0 where tr1_0.usuario_registra=?
Hibernate: select tt1_0.id_tipo_tramite,tt1_0.codigo,tt1_0.descripcion,tt1_0.dias_descargo,tt1_0.estado,tt1_0.requisitos_ids,tt1_0.tupac,t2_0.tipo_tramite,t2_0.id_tramite,t2_0.codigo_rut,t2_0.departamento_actual,t2_0.empresa,t2_0.estado,t2_0.fecha_actualizacion,t2_0.fecha_finalizacion,t2_0.fecha_limite,t2_0.fecha_registro,t2_0.gerente,t2_0.motivo_rechazo,t2_0.observaciones,t2_0.persona_natural,t2_0.prioridad,t2_0.solicitud_id,t2_0.tipo_solicitante,t2_0.tramite_origen,t2_0.usuario_actualizador,t2_0.usuario_registra,t2_0.usuario_responsable_id from tipo_tramite tt1_0 left join tramite t2_0 on tt1_0.id_tipo_tramite=t2_0.tipo_tramite where tt1_0.id_tipo_tramite=?
Hibernate: select pn1_0.id_personanatural,pn1_0.apellidos,pn1_0.dni,pn1_0.email,pn1_0.fecha_actualizacion,pn1_0.fecha_registro,pn1_0.genero,pn1_0.nombres,pn1_0.observaciones,pn1_0.telefono,i1_0.persona_id,i1_0.id_inscripcion,i1_0.activo,i1_0.actualizado_en,i1_0.creado_en,i1_0.estado,i1_0.fecha_inscripcion,gp1_0.id_grupo,gp1_0.activo,gp1_0.actualizado_por,gp1_0.capacidad,gp1_0.codigo,gp1_0.configuracion_examen_id,gp1_0.creado_por,gp1_0.cupos_disponibles,gp1_0.estado,gp1_0.fecha,gp1_0.fecha_actualizacion,gp1_0.fecha_creacion,gp1_0.hora_fin,gp1_0.hora_inicio,gp1_0.observaciones,gp1_0.requisito_examen_id,re1_0.id_requisito,re1_0.activo,re1_0.codigo,re1_0.descripcion,re1_0.dias_validez,re1_0.es_examen,f1_0.id_formato,f1_0.archivo_ruta,f1_0.descripcion,f1_0.fecha_creacion,re1_0.obligatorio,re1_0.observaciones,re1_0.tipo_documento,re1_0.tupac,t1_0.id_tupac,t1_0.categoria,t1_0.codigo,t1_0.descripcion,t1_0.estado,t1_0.fecha_vigencia,gp1_0.usuario_creador_id,gp1_0.version,i1_0.grupo_presentacion_id,i1_0.nota,i1_0.observaciones,i1_0.pagado,i1_0.resultado,t2_0.id_tramite,t2_0.codigo_rut,t2_0.departamento_actual,t2_0.empresa,t2_0.estado,t2_0.fecha_actualizacion,t2_0.fecha_finalizacion,t2_0.fecha_limite,t2_0.fecha_registro,t2_0.gerente,t2_0.motivo_rechazo,t2_0.observaciones,t2_0.persona_natural,t2_0.prioridad,t2_0.solicitud_id,t2_0.tipo_solicitante,t2_0.tipo_tramite,t2_0.tramite_origen,t2_0.usuario_actualizador,t2_0.usuario_registra,t2_0.usuario_responsable_id,i1_0.tramite_id from persona_natural pn1_0 left join inscripcion_examen i1_0 on pn1_0.id_personanatural=i1_0.persona_id left join grupo_presentacion gp1_0 on gp1_0.id_grupo=i1_0.grupo_presentacion_id left join requisito_tupac re1_0 on re1_0.id_requisito=gp1_0.requisito_examen_id left join formatos f1_0 on f1_0.id_formato=re1_0.formato_id left join tupac t1_0 on t1_0.id_tupac=re1_0.tupac left join tramite t2_0 on t2_0.id_tramite=i1_0.tramite_id where pn1_0.id_personanatural=?
Hibernate: select sr1_0.usuario_rechaza,sr1_0.id_solicitud,sr1_0.codigo,sr1_0.estado_solicitud,sr1_0.fecha_actualizacion,sr1_0.fecha_aprobacion,sr1_0.fecha_rechazo,sr1_0.fecha_solicitud,sr1_0.motivo_rechazo,sr1_0.nota,sr1_0.numero_orden,sr1_0.observaciones,sr1_0.placa,sr1_0.tipo_solicitud,sr1_0.usuario_aprueba,sr1_0.vehiculo from solicitud sr1_0 where sr1_0.usuario_rechaza=?
Hibernate: select sa1_0.usuario_aprueba,sa1_0.id_solicitud,sa1_0.codigo,sa1_0.estado_solicitud,sa1_0.fecha_actualizacion,sa1_0.fecha_aprobacion,sa1_0.fecha_rechazo,sa1_0.fecha_solicitud,sa1_0.motivo_rechazo,sa1_0.nota,sa1_0.numero_orden,sa1_0.observaciones,sa1_0.placa,sa1_0.tipo_solicitud,sa1_0.usuario_rechaza,sa1_0.vehiculo from solicitud sa1_0 where sa1_0.usuario_aprueba=?
Hibernate: select pc1_0.usuario_creador,pc1_0.id_publicacion,pc1_0.contenido,pc1_0.estado,pc1_0.fecha_actualizacion,pc1_0.fecha_creacion,pc1_0.fecha_modificacion,pc1_0.fecha_publicacion,pc1_0.formato,pc1_0.tipo_publicacion,pc1_0.tipo_tramite,pc1_0.titulo,pc1_0.usuario_actualizador from publicacion pc1_0 where pc1_0.usuario_creador=?
Hibernate: select pa1_0.usuario_actualizador,pa1_0.id_publicacion,pa1_0.contenido,pa1_0.estado,pa1_0.fecha_actualizacion,pa1_0.fecha_creacion,pa1_0.fecha_modificacion,pa1_0.fecha_publicacion,pa1_0.formato,pa1_0.tipo_publicacion,pa1_0.tipo_tramite,pa1_0.titulo,pa1_0.usuario_creador from publicacion pa1_0 where pa1_0.usuario_actualizador=?
Hibernate: select os1_0.usuario_subsana,os1_0.id_observaciones_solicitud,os1_0.comentario_subsanacion,os1_0.descripcion,os1_0.estado,os1_0.fecha_actualizacion,os1_0.fecha_observacion,os1_0.fecha_subsanacion,os1_0.requisito,os1_0.severidad,os1_0.solicitud,os1_0.tipo,os1_0.id_tramite,os1_0.usuario_observador from observacion_solicitud os1_0 where os1_0.usuario_subsana=?
Hibernate: select os1_0.usuario_observador,os1_0.id_observaciones_solicitud,os1_0.comentario_subsanacion,os1_0.descripcion,os1_0.estado,os1_0.fecha_actualizacion,os1_0.fecha_observacion,os1_0.fecha_subsanacion,os1_0.requisito,os1_0.severidad,os1_0.solicitud,os1_0.tipo,os1_0.id_tramite,os1_0.usuario_subsana from observacion_solicitud os1_0 where os1_0.usuario_observador=?
Hibernate: select i1_0.usuario_inspector,i1_0.id_inspeccion,i1_0.codigo,i1_0.codigo_grupo,i1_0.empresa_id,i1_0.estado,i1_0.fecha_actualizacion,i1_0.fecha_creacion,i1_0.fecha_ejecucion,i1_0.fecha_programada,i1_0.hora,i1_0.inspeccion_padre_id,i1_0.lugar,i1_0.observaciones_generales,i1_0.resultado_general,i1_0.tramite_id,i1_0.vehiculo_id from inspeccion i1_0 where i1_0.usuario_inspector=?
Hibernate: select gp1_0.usuario_creador_id,gp1_0.id_grupo,gp1_0.activo,gp1_0.actualizado_por,gp1_0.capacidad,gp1_0.codigo,gp1_0.configuracion_examen_id,gp1_0.creado_por,gp1_0.cupos_disponibles,gp1_0.estado,gp1_0.fecha,gp1_0.fecha_actualizacion,gp1_0.fecha_creacion,gp1_0.hora_fin,gp1_0.hora_inicio,gp1_0.observaciones,gp1_0.requisito_examen_id,re1_0.id_requisito,re1_0.activo,re1_0.codigo,re1_0.descripcion,re1_0.dias_validez,re1_0.es_examen,f1_0.id_formato,f1_0.archivo_ruta,f1_0.descripcion,f1_0.fecha_creacion,re1_0.obligatorio,re1_0.observaciones,re1_0.tipo_documento,re1_0.tupac,t1_0.id_tupac,t1_0.categoria,t1_0.codigo,t1_0.descripcion,t1_0.estado,t1_0.fecha_vigencia,gp1_0.version from grupo_presentacion gp1_0 left join requisito_tupac re1_0 on re1_0.id_requisito=gp1_0.requisito_examen_id left join formatos f1_0 on f1_0.id_formato=re1_0.formato_id left join tupac t1_0 on t1_0.id_tupac=re1_0.tupac where gp1_0.usuario_creador_id=?
Hibernate: select t1_0.departamento_actual,t1_0.id_tramite,t1_0.codigo_rut,t1_0.empresa,t1_0.estado,t1_0.fecha_actualizacion,t1_0.fecha_finalizacion,t1_0.fecha_limite,t1_0.fecha_registro,t1_0.gerente,t1_0.motivo_rechazo,t1_0.observaciones,t1_0.persona_natural,t1_0.prioridad,t1_0.solicitud_id,t1_0.tipo_solicitante,t1_0.tipo_tramite,t1_0.tramite_origen,t1_0.usuario_actualizador,t1_0.usuario_registra,t1_0.usuario_responsable_id from tramite t1_0 where t1_0.departamento_actual=?
Hibernate: select ho1_0.departamento_origen_id,ho1_0.id,ho1_0.accion,ho1_0.departamento_destino_id,ho1_0.fecha_accion,ho1_0.observacion,ho1_0.tramite_id,ho1_0.usuario_accion_id,ho1_0.usuario_responsable_id from historial_tramite ho1_0 where ho1_0.departamento_origen_id=?
Hibernate: select hd1_0.departamento_destino_id,hd1_0.id,hd1_0.accion,hd1_0.departamento_origen_id,hd1_0.fecha_accion,hd1_0.observacion,hd1_0.tramite_id,hd1_0.usuario_accion_id,hd1_0.usuario_responsable_id from historial_tramite hd1_0 where hd1_0.departamento_destino_id=?
Rol ADMIN creado/actualizado
Hibernate: select r1_0.id,r1_0.can_create_data,r1_0.can_delete_data,r1_0.can_edit_own_data,r1_0.can_manage_all_data,r1_0.can_manage_users,r1_0.can_view_all_data,r1_0.created_at,r1_0.description,r1_0.enabled,r1_0.hierarchy_level,r1_0.is_system,r1_0.name,r1_0.table_permissions from roles r1_0 where r1_0.name=?
Hibernate: select r1_0.id,r1_0.can_create_data,r1_0.can_delete_data,r1_0.can_edit_own_data,r1_0.can_manage_all_data,r1_0.can_manage_users,r1_0.can_view_all_data,r1_0.created_at,r1_0.description,r1_0.enabled,r1_0.hierarchy_level,r1_0.is_system,r1_0.name,r1_0.table_permissions,u1_0.role_id,u1_0.id_usuarios,u1_0.active,u1_0.created_at,d1_0.id_departamento,d1_0.activo,d1_0.descripcion,d1_0.fecha_creacion,d1_0.nombre,d1_0.responsable_id,u1_0.email,u1_0.last_login,u1_0.password,u1_0.token_version,u1_0.updated_at,u1_0.username from roles r1_0 left join users u1_0 on r1_0.id=u1_0.role_id left join departamento d1_0 on d1_0.id_departamento=u1_0.departamento_id where r1_0.id=?
Hibernate: select tr1_0.usuario_responsable_id,tr1_0.id_tramite,tr1_0.codigo_rut,tr1_0.departamento_actual,tr1_0.empresa,tr1_0.estado,tr1_0.fecha_actualizacion,tr1_0.fecha_finalizacion,tr1_0.fecha_limite,tr1_0.fecha_registro,tr1_0.gerente,tr1_0.motivo_rechazo,tr1_0.observaciones,tr1_0.persona_natural,tr1_0.prioridad,tr1_0.solicitud_id,tr1_0.tipo_solicitante,tr1_0.tipo_tramite,tr1_0.tramite_origen,tr1_0.usuario_actualizador,tr1_0.usuario_registra from tramite tr1_0 where tr1_0.usuario_responsable_id=?
Hibernate: select tr1_0.usuario_registra,tr1_0.id_tramite,tr1_0.codigo_rut,tr1_0.departamento_actual,tr1_0.empresa,tr1_0.estado,tr1_0.fecha_actualizacion,tr1_0.fecha_finalizacion,tr1_0.fecha_limite,tr1_0.fecha_registro,tr1_0.gerente,tr1_0.motivo_rechazo,tr1_0.observaciones,tr1_0.persona_natural,tr1_0.prioridad,tr1_0.solicitud_id,tr1_0.tipo_solicitante,tr1_0.tipo_tramite,tr1_0.tramite_origen,tr1_0.usuario_actualizador,tr1_0.usuario_responsable_id from tramite tr1_0 where tr1_0.usuario_registra=?
Hibernate: select tt1_0.id_tipo_tramite,tt1_0.codigo,tt1_0.descripcion,tt1_0.dias_descargo,tt1_0.estado,tt1_0.requisitos_ids,tt1_0.tupac,t2_0.tipo_tramite,t2_0.id_tramite,t2_0.codigo_rut,t2_0.departamento_actual,t2_0.empresa,t2_0.estado,t2_0.fecha_actualizacion,t2_0.fecha_finalizacion,t2_0.fecha_limite,t2_0.fecha_registro,t2_0.gerente,t2_0.motivo_rechazo,t2_0.observaciones,t2_0.persona_natural,t2_0.prioridad,t2_0.solicitud_id,t2_0.tipo_solicitante,t2_0.tramite_origen,t2_0.usuario_actualizador,t2_0.usuario_registra,t2_0.usuario_responsable_id from tipo_tramite tt1_0 left join tramite t2_0 on tt1_0.id_tipo_tramite=t2_0.tipo_tramite where tt1_0.id_tipo_tramite=?
Hibernate: select pn1_0.id_personanatural,pn1_0.apellidos,pn1_0.dni,pn1_0.email,pn1_0.fecha_actualizacion,pn1_0.fecha_registro,pn1_0.genero,pn1_0.nombres,pn1_0.observaciones,pn1_0.telefono,i1_0.persona_id,i1_0.id_inscripcion,i1_0.activo,i1_0.actualizado_en,i1_0.creado_en,i1_0.estado,i1_0.fecha_inscripcion,gp1_0.id_grupo,gp1_0.activo,gp1_0.actualizado_por,gp1_0.capacidad,gp1_0.codigo,gp1_0.configuracion_examen_id,gp1_0.creado_por,gp1_0.cupos_disponibles,gp1_0.estado,gp1_0.fecha,gp1_0.fecha_actualizacion,gp1_0.fecha_creacion,gp1_0.hora_fin,gp1_0.hora_inicio,gp1_0.observaciones,gp1_0.requisito_examen_id,re1_0.id_requisito,re1_0.activo,re1_0.codigo,re1_0.descripcion,re1_0.dias_validez,re1_0.es_examen,f1_0.id_formato,f1_0.archivo_ruta,f1_0.descripcion,f1_0.fecha_creacion,re1_0.obligatorio,re1_0.observaciones,re1_0.tipo_documento,re1_0.tupac,t1_0.id_tupac,t1_0.categoria,t1_0.codigo,t1_0.descripcion,t1_0.estado,t1_0.fecha_vigencia,gp1_0.usuario_creador_id,gp1_0.version,i1_0.grupo_presentacion_id,i1_0.nota,i1_0.observaciones,i1_0.pagado,i1_0.resultado,t2_0.id_tramite,t2_0.codigo_rut,t2_0.departamento_actual,t2_0.empresa,t2_0.estado,t2_0.fecha_actualizacion,t2_0.fecha_finalizacion,t2_0.fecha_limite,t2_0.fecha_registro,t2_0.gerente,t2_0.motivo_rechazo,t2_0.observaciones,t2_0.persona_natural,t2_0.prioridad,t2_0.solicitud_id,t2_0.tipo_solicitante,t2_0.tipo_tramite,t2_0.tramite_origen,t2_0.usuario_actualizador,t2_0.usuario_registra,t2_0.usuario_responsable_id,i1_0.tramite_id from persona_natural pn1_0 left join inscripcion_examen i1_0 on pn1_0.id_personanatural=i1_0.persona_id left join grupo_presentacion gp1_0 on gp1_0.id_grupo=i1_0.grupo_presentacion_id left join requisito_tupac re1_0 on re1_0.id_requisito=gp1_0.requisito_examen_id left join formatos f1_0 on f1_0.id_formato=re1_0.formato_id left join tupac t1_0 on t1_0.id_tupac=re1_0.tupac left join tramite t2_0 on t2_0.id_tramite=i1_0.tramite_id where pn1_0.id_personanatural=?
Hibernate: select tt1_0.id_tipo_tramite,tt1_0.codigo,tt1_0.descripcion,tt1_0.dias_descargo,tt1_0.estado,tt1_0.requisitos_ids,tt1_0.tupac,t2_0.tipo_tramite,t2_0.id_tramite,t2_0.codigo_rut,t2_0.departamento_actual,t2_0.empresa,t2_0.estado,t2_0.fecha_actualizacion,t2_0.fecha_finalizacion,t2_0.fecha_limite,t2_0.fecha_registro,t2_0.gerente,t2_0.motivo_rechazo,t2_0.observaciones,t2_0.persona_natural,t2_0.prioridad,t2_0.solicitud_id,t2_0.tipo_solicitante,t2_0.tramite_origen,t2_0.usuario_actualizador,t2_0.usuario_registra,t2_0.usuario_responsable_id from tipo_tramite tt1_0 left join tramite t2_0 on tt1_0.id_tipo_tramite=t2_0.tipo_tramite where tt1_0.id_tipo_tramite=?
Hibernate: select pn1_0.id_personanatural,pn1_0.apellidos,pn1_0.dni,pn1_0.email,pn1_0.fecha_actualizacion,pn1_0.fecha_registro,pn1_0.genero,pn1_0.nombres,pn1_0.observaciones,pn1_0.telefono,i1_0.persona_id,i1_0.id_inscripcion,i1_0.activo,i1_0.actualizado_en,i1_0.creado_en,i1_0.estado,i1_0.fecha_inscripcion,gp1_0.id_grupo,gp1_0.activo,gp1_0.actualizado_por,gp1_0.capacidad,gp1_0.codigo,gp1_0.configuracion_examen_id,gp1_0.creado_por,gp1_0.cupos_disponibles,gp1_0.estado,gp1_0.fecha,gp1_0.fecha_actualizacion,gp1_0.fecha_creacion,gp1_0.hora_fin,gp1_0.hora_inicio,gp1_0.observaciones,gp1_0.requisito_examen_id,re1_0.id_requisito,re1_0.activo,re1_0.codigo,re1_0.descripcion,re1_0.dias_validez,re1_0.es_examen,f1_0.id_formato,f1_0.archivo_ruta,f1_0.descripcion,f1_0.fecha_creacion,re1_0.obligatorio,re1_0.observaciones,re1_0.tipo_documento,re1_0.tupac,t1_0.id_tupac,t1_0.categoria,t1_0.codigo,t1_0.descripcion,t1_0.estado,t1_0.fecha_vigencia,gp1_0.usuario_creador_id,gp1_0.version,i1_0.grupo_presentacion_id,i1_0.nota,i1_0.observaciones,i1_0.pagado,i1_0.resultado,t2_0.id_tramite,t2_0.codigo_rut,t2_0.departamento_actual,t2_0.empresa,t2_0.estado,t2_0.fecha_actualizacion,t2_0.fecha_finalizacion,t2_0.fecha_limite,t2_0.fecha_registro,t2_0.gerente,t2_0.motivo_rechazo,t2_0.observaciones,t2_0.persona_natural,t2_0.prioridad,t2_0.solicitud_id,t2_0.tipo_solicitante,t2_0.tipo_tramite,t2_0.tramite_origen,t2_0.usuario_actualizador,t2_0.usuario_registra,t2_0.usuario_responsable_id,i1_0.tramite_id from persona_natural pn1_0 left join inscripcion_examen i1_0 on pn1_0.id_personanatural=i1_0.persona_id left join grupo_presentacion gp1_0 on gp1_0.id_grupo=i1_0.grupo_presentacion_id left join requisito_tupac re1_0 on re1_0.id_requisito=gp1_0.requisito_examen_id left join formatos f1_0 on f1_0.id_formato=re1_0.formato_id left join tupac t1_0 on t1_0.id_tupac=re1_0.tupac left join tramite t2_0 on t2_0.id_tramite=i1_0.tramite_id where pn1_0.id_personanatural=?
Hibernate: select e1_0.id_empresa,e1_0.activo,e1_0.codigo,e1_0.contacto_telefono,e1_0.direccion_legal,e1_0.email,e1_0.estado_operativo,e1_0.fecha_actualizacion,e1_0.fecha_registro,e1_0.fin_vigencia,e1_0.gerente,e1_0.inicio_vigencia,e1_0.nombre,e1_0.numero_de_resolucion,e1_0.observaciones,e1_0.ruc,e1_0.subtipo_transporte,e1_0.tipo_trayectoria,e1_0.unidades_habilitadas,e1_0.unidades_vehiculares,r1_0.id_empresa,r1_0.id_ruta,r1_0.codigo,r1_0.descripcion,r1_0.distancia_km,r1_0.estado,r1_0.fecha_actualizacion,r1_0.fecha_registro,r1_0.gerente_responsable,r1_0.kml_content,r1_0.nombre,r1_0.observaciones,r1_0.tiempo_estimado_minutos,r1_0.tipo,r1_0.usuario_registra from empresa e1_0 left join ruta r1_0 on e1_0.id_empresa=r1_0.id_empresa where e1_0.id_empresa=?
Hibernate: select v1_0.id_empresa,v1_0.id_vehiculo,v1_0.anio_fabricacion,v1_0.capacidad_carga,v1_0.capacidad_pasajeros,v1_0.categoria,v1_0.color,v1_0.estado,v1_0.estado_tecnico,v1_0.fecha_actualizacion,v1_0.fecha_habilitacion,v1_0.fecha_registro,v1_0.fecha_vencimiento_tuc,v1_0.gerente_responsable,v1_0.marca,v1_0.modelo,v1_0.numero_chasis,v1_0.numero_motor,v1_0.observaciones,v1_0.peso_neto,v1_0.placa,v1_0.subtipo_transporte,v1_0.tuc_id from vehiculo v1_0 where v1_0.id_empresa=?
Hibernate: select sr1_0.usuario_rechaza,sr1_0.id_solicitud,sr1_0.codigo,sr1_0.estado_solicitud,sr1_0.fecha_actualizacion,sr1_0.fecha_aprobacion,sr1_0.fecha_rechazo,sr1_0.fecha_solicitud,sr1_0.motivo_rechazo,sr1_0.nota,sr1_0.numero_orden,sr1_0.observaciones,sr1_0.placa,sr1_0.tipo_solicitud,sr1_0.usuario_aprueba,sr1_0.vehiculo from solicitud sr1_0 where sr1_0.usuario_rechaza=?
Hibernate: select sa1_0.usuario_aprueba,sa1_0.id_solicitud,sa1_0.codigo,sa1_0.estado_solicitud,sa1_0.fecha_actualizacion,sa1_0.fecha_aprobacion,sa1_0.fecha_rechazo,sa1_0.fecha_solicitud,sa1_0.motivo_rechazo,sa1_0.nota,sa1_0.numero_orden,sa1_0.observaciones,sa1_0.placa,sa1_0.tipo_solicitud,sa1_0.usuario_rechaza,sa1_0.vehiculo from solicitud sa1_0 where sa1_0.usuario_aprueba=?
Hibernate: select pc1_0.usuario_creador,pc1_0.id_publicacion,pc1_0.contenido,pc1_0.estado,pc1_0.fecha_actualizacion,pc1_0.fecha_creacion,pc1_0.fecha_modificacion,pc1_0.fecha_publicacion,pc1_0.formato,pc1_0.tipo_publicacion,pc1_0.tipo_tramite,pc1_0.titulo,pc1_0.usuario_actualizador from publicacion pc1_0 where pc1_0.usuario_creador=?
Hibernate: select pa1_0.usuario_actualizador,pa1_0.id_publicacion,pa1_0.contenido,pa1_0.estado,pa1_0.fecha_actualizacion,pa1_0.fecha_creacion,pa1_0.fecha_modificacion,pa1_0.fecha_publicacion,pa1_0.formato,pa1_0.tipo_publicacion,pa1_0.tipo_tramite,pa1_0.titulo,pa1_0.usuario_creador from publicacion pa1_0 where pa1_0.usuario_actualizador=?
Hibernate: select os1_0.usuario_subsana,os1_0.id_observaciones_solicitud,os1_0.comentario_subsanacion,os1_0.descripcion,os1_0.estado,os1_0.fecha_actualizacion,os1_0.fecha_observacion,os1_0.fecha_subsanacion,os1_0.requisito,os1_0.severidad,os1_0.solicitud,os1_0.tipo,os1_0.id_tramite,os1_0.usuario_observador from observacion_solicitud os1_0 where os1_0.usuario_subsana=?
Hibernate: select os1_0.usuario_observador,os1_0.id_observaciones_solicitud,os1_0.comentario_subsanacion,os1_0.descripcion,os1_0.estado,os1_0.fecha_actualizacion,os1_0.fecha_observacion,os1_0.fecha_subsanacion,os1_0.requisito,os1_0.severidad,os1_0.solicitud,os1_0.tipo,os1_0.id_tramite,os1_0.usuario_subsana from observacion_solicitud os1_0 where os1_0.usuario_observador=?
Hibernate: select i1_0.usuario_inspector,i1_0.id_inspeccion,i1_0.codigo,i1_0.codigo_grupo,i1_0.empresa_id,i1_0.estado,i1_0.fecha_actualizacion,i1_0.fecha_creacion,i1_0.fecha_ejecucion,i1_0.fecha_programada,i1_0.hora,i1_0.inspeccion_padre_id,i1_0.lugar,i1_0.observaciones_generales,i1_0.resultado_general,i1_0.tramite_id,i1_0.vehiculo_id from inspeccion i1_0 where i1_0.usuario_inspector=?
Hibernate: select gp1_0.usuario_creador_id,gp1_0.id_grupo,gp1_0.activo,gp1_0.actualizado_por,gp1_0.capacidad,gp1_0.codigo,gp1_0.configuracion_examen_id,gp1_0.creado_por,gp1_0.cupos_disponibles,gp1_0.estado,gp1_0.fecha,gp1_0.fecha_actualizacion,gp1_0.fecha_creacion,gp1_0.hora_fin,gp1_0.hora_inicio,gp1_0.observaciones,gp1_0.requisito_examen_id,re1_0.id_requisito,re1_0.activo,re1_0.codigo,re1_0.descripcion,re1_0.dias_validez,re1_0.es_examen,f1_0.id_formato,f1_0.archivo_ruta,f1_0.descripcion,f1_0.fecha_creacion,re1_0.obligatorio,re1_0.observaciones,re1_0.tipo_documento,re1_0.tupac,t1_0.id_tupac,t1_0.categoria,t1_0.codigo,t1_0.descripcion,t1_0.estado,t1_0.fecha_vigencia,gp1_0.version from grupo_presentacion gp1_0 left join requisito_tupac re1_0 on re1_0.id_requisito=gp1_0.requisito_examen_id left join formatos f1_0 on f1_0.id_formato=re1_0.formato_id left join tupac t1_0 on t1_0.id_tupac=re1_0.tupac where gp1_0.usuario_creador_id=?
Hibernate: select t1_0.departamento_actual,t1_0.id_tramite,t1_0.codigo_rut,t1_0.empresa,t1_0.estado,t1_0.fecha_actualizacion,t1_0.fecha_finalizacion,t1_0.fecha_limite,t1_0.fecha_registro,t1_0.gerente,t1_0.motivo_rechazo,t1_0.observaciones,t1_0.persona_natural,t1_0.prioridad,t1_0.solicitud_id,t1_0.tipo_solicitante,t1_0.tipo_tramite,t1_0.tramite_origen,t1_0.usuario_actualizador,t1_0.usuario_registra,t1_0.usuario_responsable_id from tramite t1_0 where t1_0.departamento_actual=?
Hibernate: select ho1_0.departamento_origen_id,ho1_0.id,ho1_0.accion,ho1_0.departamento_destino_id,ho1_0.fecha_accion,ho1_0.observacion,ho1_0.tramite_id,ho1_0.usuario_accion_id,ho1_0.usuario_responsable_id from historial_tramite ho1_0 where ho1_0.departamento_origen_id=?
Hibernate: select hd1_0.departamento_destino_id,hd1_0.id,hd1_0.accion,hd1_0.departamento_origen_id,hd1_0.fecha_accion,hd1_0.observacion,hd1_0.tramite_id,hd1_0.usuario_accion_id,hd1_0.usuario_responsable_id from historial_tramite hd1_0 where hd1_0.departamento_destino_id=?
Rol SUPER_ADMIN creado/actualizado
Hibernate: select count(*) from departamento d1_0
Hibernate: select count(*) from categoria_transporte ct1_0
Hibernate: select count(*) from tipo_transporte tt1_0
Hibernate: select count(*) from subtipo_transporte st1_0
Hibernate: select d1_0.id_departamento,d1_0.activo,d1_0.descripcion,d1_0.fecha_creacion,d1_0.nombre,d1_0.responsable_id from departamento d1_0
Hibernate: select u1_0.id_usuarios,u1_0.active,u1_0.created_at,u1_0.departamento_id,u1_0.email,u1_0.last_login,u1_0.password,u1_0.role_id,u1_0.token_version,u1_0.updated_at,u1_0.username from users u1_0 where u1_0.username=?
Hibernate: select d1_0.id_departamento,d1_0.activo,d1_0.descripcion,d1_0.fecha_creacion,d1_0.nombre,d1_0.responsable_id from departamento d1_0 where d1_0.id_departamento=?
Hibernate: select r1_0.id,r1_0.can_create_data,r1_0.can_delete_data,r1_0.can_edit_own_data,r1_0.can_manage_all_data,r1_0.can_manage_users,r1_0.can_view_all_data,r1_0.created_at,r1_0.description,r1_0.enabled,r1_0.hierarchy_level,r1_0.is_system,r1_0.name,r1_0.table_permissions from roles r1_0 where r1_0.id=?
Hibernate: select u1_0.id_usuarios,u1_0.active,u1_0.created_at,u1_0.departamento_id,u1_0.email,u1_0.last_login,u1_0.password,u1_0.role_id,u1_0.token_version,u1_0.updated_at,u1_0.username from users u1_0 where u1_0.username=?
Hibernate: select d1_0.id_departamento,d1_0.activo,d1_0.descripcion,d1_0.fecha_creacion,d1_0.nombre,d1_0.responsable_id from departamento d1_0 where d1_0.id_departamento=?
Hibernate: select r1_0.id,r1_0.can_create_data,r1_0.can_delete_data,r1_0.can_edit_own_data,r1_0.can_manage_all_data,r1_0.can_manage_users,r1_0.can_view_all_data,r1_0.created_at,r1_0.description,r1_0.enabled,r1_0.hierarchy_level,r1_0.is_system,r1_0.name,r1_0.table_permissions from roles r1_0 where r1_0.id=?
Hibernate: select count(*) from persona_natural pn1_0
Hibernate: select count(*) from empresa e1_0
Hibernate: select count(*) from gerente g1_0
Hibernate: select count(*) from formatos f1_0
Hibernate: select count(*) from tupac t1_0
Hibernate: select count(*) from requisito_tupac rt1_0
Hibernate: select count(*) from tipo_tramite tt1_0
Hibernate: select t1_0.id_tramite,t1_0.codigo_rut,t1_0.departamento_actual,t1_0.empresa,t1_0.estado,t1_0.fecha_actualizacion,t1_0.fecha_finalizacion,t1_0.fecha_limite,t1_0.fecha_registro,t1_0.gerente,t1_0.motivo_rechazo,t1_0.observaciones,t1_0.persona_natural,t1_0.prioridad,t1_0.solicitud_id,t1_0.tipo_solicitante,t1_0.tipo_tramite,t1_0.tramite_origen,t1_0.usuario_actualizador,t1_0.usuario_registra,t1_0.usuario_responsable_id from tramite t1_0
Hibernate: select tt1_0.id_tipo_tramite,tt1_0.codigo,tt1_0.descripcion,tt1_0.dias_descargo,tt1_0.estado,tt1_0.requisitos_ids,tt1_0.tupac from tipo_tramite tt1_0 where tt1_0.id_tipo_tramite=?
Hibernate: select pn1_0.id_personanatural,pn1_0.apellidos,pn1_0.dni,pn1_0.email,pn1_0.fecha_actualizacion,pn1_0.fecha_registro,pn1_0.genero,pn1_0.nombres,pn1_0.observaciones,pn1_0.telefono from persona_natural pn1_0 where pn1_0.id_personanatural=?
Hibernate: select tt1_0.id_tipo_tramite,tt1_0.codigo,tt1_0.descripcion,tt1_0.dias_descargo,tt1_0.estado,tt1_0.requisitos_ids,tt1_0.tupac from tipo_tramite tt1_0 where tt1_0.id_tipo_tramite=?
Hibernate: select pn1_0.id_personanatural,pn1_0.apellidos,pn1_0.dni,pn1_0.email,pn1_0.fecha_actualizacion,pn1_0.fecha_registro,pn1_0.genero,pn1_0.nombres,pn1_0.observaciones,pn1_0.telefono from persona_natural pn1_0 where pn1_0.id_personanatural=?
Hibernate: select tt1_0.id_tipo_tramite,tt1_0.codigo,tt1_0.descripcion,tt1_0.dias_descargo,tt1_0.estado,tt1_0.requisitos_ids,tt1_0.tupac from tipo_tramite tt1_0 where tt1_0.id_tipo_tramite=?
Hibernate: select e1_0.id_empresa,e1_0.activo,e1_0.codigo,e1_0.contacto_telefono,e1_0.direccion_legal,e1_0.email,e1_0.estado_operativo,e1_0.fecha_actualizacion,e1_0.fecha_registro,e1_0.fin_vigencia,e1_0.gerente,e1_0.inicio_vigencia,e1_0.nombre,e1_0.numero_de_resolucion,e1_0.observaciones,e1_0.ruc,e1_0.subtipo_transporte,e1_0.tipo_trayectoria,e1_0.unidades_habilitadas,e1_0.unidades_vehiculares from empresa e1_0 where e1_0.id_empresa=?
TrĂˇmites existentes actualizados
Hibernate: select count(*) from tramite t1_0
Data initialization completada (datos mĂ­nimos)
2026-05-07T01:12:00.985+02:00  INFO 243591 --- [  restartedMain] r$InitializeUserDetailsManagerConfigurer : Global AuthenticationManager configured with UserDetailsService bean with name userDetailsServiceImpl
2026-05-07T01:12:01.762+02:00  WARN 243591 --- [  restartedMain] ConfigServletWebServerApplicationContext : Exception encountered during context initialization - cancelling refresh attempt: org.springframework.beans.factory.BeanCreationException: Error creating bean with name 'TUCController': Lookup method resolution failed
2026-05-07T01:12:01.764+02:00  INFO 243591 --- [  restartedMain] j.LocalContainerEntityManagerFactoryBean : Closing JPA EntityManagerFactory for persistence unit 'default'
2026-05-07T01:12:01.773+02:00  INFO 243591 --- [  restartedMain] com.zaxxer.hikari.HikariDataSource       : HikariPool-2 - Shutdown initiated...
2026-05-07T01:12:01.781+02:00  INFO 243591 --- [  restartedMain] com.zaxxer.hikari.HikariDataSource       : HikariPool-2 - Shutdown completed.
2026-05-07T01:12:01.782+02:00  INFO 243591 --- [  restartedMain] o.apache.catalina.core.StandardService   : Stopping service [Tomcat]
2026-05-07T01:12:01.790+02:00  INFO 243591 --- [  restartedMain] .s.b.a.l.ConditionEvaluationReportLogger : 

Error starting ApplicationContext. To display the condition evaluation report re-run your application with 'debug' enabled.
2026-05-07T01:12:01.813+02:00 ERROR 243591 --- [  restartedMain] o.s.boot.SpringApplication               : Application run failed

org.springframework.beans.factory.BeanCreationException: Error creating bean with name 'TUCController': Lookup method resolution failed
	at org.springframework.beans.factory.annotation.AutowiredAnnotationBeanPostProcessor.checkLookupMethods(AutowiredAnnotationBeanPostProcessor.java:498) ~[spring-beans-6.2.14.jar:6.2.14]
	at org.springframework.beans.factory.annotation.AutowiredAnnotationBeanPostProcessor.determineCandidateConstructors(AutowiredAnnotationBeanPostProcessor.java:368) ~[spring-beans-6.2.14.jar:6.2.14]
	at org.springframework.beans.factory.support.AbstractAutowireCapableBeanFactory.determineConstructorsFromBeanPostProcessors(AbstractAutowireCapableBeanFactory.java:1334) ~[spring-beans-6.2.14.jar:6.2.14]
	at org.springframework.beans.factory.support.AbstractAutowireCapableBeanFactory.createBeanInstance(AbstractAutowireCapableBeanFactory.java:1229) ~[spring-beans-6.2.14.jar:6.2.14]
	at org.springframework.beans.factory.support.AbstractAutowireCapableBeanFactory.doCreateBean(AbstractAutowireCapableBeanFactory.java:569) ~[spring-beans-6.2.14.jar:6.2.14]
	at org.springframework.beans.factory.support.AbstractAutowireCapableBeanFactory.createBean(AbstractAutowireCapableBeanFactory.java:529) ~[spring-beans-6.2.14.jar:6.2.14]
	at org.springframework.beans.factory.support.AbstractBeanFactory.lambda$doGetBean$0(AbstractBeanFactory.java:339) ~[spring-beans-6.2.14.jar:6.2.14]
	at org.springframework.beans.factory.support.DefaultSingletonBeanRegistry.getSingleton(DefaultSingletonBeanRegistry.java:373) ~[spring-beans-6.2.14.jar:6.2.14]
	at org.springframework.beans.factory.support.AbstractBeanFactory.doGetBean(AbstractBeanFactory.java:337) ~[spring-beans-6.2.14.jar:6.2.14]
	at org.springframework.beans.factory.support.AbstractBeanFactory.getBean(AbstractBeanFactory.java:202) ~[spring-beans-6.2.14.jar:6.2.14]
	at org.springframework.beans.factory.support.DefaultListableBeanFactory.instantiateSingleton(DefaultListableBeanFactory.java:1228) ~[spring-beans-6.2.14.jar:6.2.14]
	at org.springframework.beans.factory.support.DefaultListableBeanFactory.preInstantiateSingleton(DefaultListableBeanFactory.java:1194) ~[spring-beans-6.2.14.jar:6.2.14]
	at org.springframework.beans.factory.support.DefaultListableBeanFactory.preInstantiateSingletons(DefaultListableBeanFactory.java:1130) ~[spring-beans-6.2.14.jar:6.2.14]
	at org.springframework.context.support.AbstractApplicationContext.finishBeanFactoryInitialization(AbstractApplicationContext.java:990) ~[spring-context-6.2.14.jar:6.2.14]
	at org.springframework.context.support.AbstractApplicationContext.refresh(AbstractApplicationContext.java:627) ~[spring-context-6.2.14.jar:6.2.14]
	at org.springframework.boot.web.servlet.context.ServletWebServerApplicationContext.refresh(ServletWebServerApplicationContext.java:146) ~[spring-boot-3.5.8.jar:3.5.8]
	at org.springframework.boot.SpringApplication.refresh(SpringApplication.java:752) ~[spring-boot-3.5.8.jar:3.5.8]
	at org.springframework.boot.SpringApplication.refreshContext(SpringApplication.java:439) ~[spring-boot-3.5.8.jar:3.5.8]
	at org.springframework.boot.SpringApplication.run(SpringApplication.java:318) ~[spring-boot-3.5.8.jar:3.5.8]
	at org.springframework.boot.SpringApplication.run(SpringApplication.java:1361) ~[spring-boot-3.5.8.jar:3.5.8]
	at org.springframework.boot.SpringApplication.run(SpringApplication.java:1350) ~[spring-boot-3.5.8.jar:3.5.8]
	at com.example.demo.DemoApplication.main(DemoApplication.java:10) ~[classes/:na]
	at java.base/jdk.internal.reflect.DirectMethodHandleAccessor.invoke(DirectMethodHandleAccessor.java:103) ~[na:na]
	at java.base/java.lang.reflect.Method.invoke(Method.java:580) ~[na:na]
	at org.springframework.boot.devtools.restart.RestartLauncher.run(RestartLauncher.java:50) ~[spring-boot-devtools-3.5.8.jar:3.5.8]
Caused by: java.lang.IllegalStateException: Failed to introspect Class [com.example.demo.controller.TUCController] from ClassLoader [org.springframework.boot.devtools.restart.classloader.RestartClassLoader@edeabf1]
	at org.springframework.util.ReflectionUtils.getDeclaredMethods(ReflectionUtils.java:483) ~[spring-core-6.2.14.jar:6.2.14]
	at org.springframework.util.ReflectionUtils.doWithLocalMethods(ReflectionUtils.java:320) ~[spring-core-6.2.14.jar:6.2.14]
	at org.springframework.beans.factory.annotation.AutowiredAnnotationBeanPostProcessor.checkLookupMethods(AutowiredAnnotationBeanPostProcessor.java:476) ~[spring-beans-6.2.14.jar:6.2.14]
	... 24 common frames omitted
Caused by: java.lang.NoClassDefFoundError: TUCDTO
	at java.base/java.lang.Class.getDeclaredMethods0(Native Method) ~[na:na]
	at java.base/java.lang.Class.privateGetDeclaredMethods(Class.java:3580) ~[na:na]
	at java.base/java.lang.Class.getDeclaredMethods(Class.java:2678) ~[na:na]
	at org.springframework.util.ReflectionUtils.getDeclaredMethods(ReflectionUtils.java:465) ~[spring-core-6.2.14.jar:6.2.14]
	... 26 common frames omitted
Caused by: java.lang.ClassNotFoundException: TUCDTO
	at java.base/jdk.internal.loader.BuiltinClassLoader.loadClass(BuiltinClassLoader.java:641) ~[na:na]
	at java.base/jdk.internal.loader.ClassLoaders$AppClassLoader.loadClass(ClassLoaders.java:188) ~[na:na]
	at java.base/java.lang.ClassLoader.loadClass(ClassLoader.java:526) ~[na:na]
	at java.base/java.lang.Class.forName0(Native Method) ~[na:na]
	at java.base/java.lang.Class.forName(Class.java:536) ~[na:na]
	at java.base/java.lang.Class.forName(Class.java:515) ~[na:na]
	at org.springframework.boot.devtools.restart.classloader.RestartClassLoader.loadClass(RestartClassLoader.java:121) ~[spring-boot-devtools-3.5.8.jar:3.5.8]
	at java.base/java.lang.ClassLoader.loadClass(ClassLoader.java:526) ~[na:na]
	... 30 common frames omitted

